Flutter crash report.
Please report a bug at https://github.com/flutter/flutter/issues.

## command

flutter run

## exception

NoSuchMethodError: NoSuchMethodError: The method 'contains' was called on null.
Receiver: null
Tried calling: contains("ext.flutter.activeDevToolsServerAddress")

```
#0      Object.noSuchMethod (dart:core-patch/object_patch.dart:54:5)
#1      waitForExtension (package:flutter_tools/src/resident_runner.dart:1483:31)
<asynchronous suspension>
#2      ResidentRunner._callDevToolsUriExtension (package:flutter_tools/src/resident_runner.dart:1302:5)
<asynchronous suspension>
#3      Future.wait.<anonymous closure> (dart:async/future.dart)
<asynchronous suspension>
#4      ResidentRunner.maybeCallDevToolsUriServiceExtension (package:flutter_tools/src/resident_runner.dart:1291:7)
<asynchronous suspension>
```

## flutter doctor

```
[✓] Flutter (Channel stable, 2.0.6, on macOS 11.3.1 20E241 darwin-x64, locale en-JO)
    • Flutter version 2.0.6 at /Users/abood/Desktop/abood_projects/flutter_sdk/flutter
    • Framework revision 1d9032c7e1 (6 weeks ago), 2021-04-29 17:37:58 -0700
    • Engine revision 05e680e202
    • Dart version 2.12.3

[✓] Android toolchain - develop for Android devices (Android SDK version 29.0.2)
    • Android SDK at /Users/abood/Library/Android/sdk
    • Platform android-30, build-tools 29.0.2
    • Java binary at: /Applications/Android Studio.app/Contents/jre/jdk/Contents/Home/bin/java
    • Java version OpenJDK Runtime Environment (build 1.8.0_242-release-1644-b3-6222593)
    • All Android licenses accepted.

[✓] Xcode - develop for iOS and macOS
    • Xcode at /Applications/Xcode.app/Contents/Developer
    • Xcode 12.5, Build version 12E262
    • CocoaPods version 1.10.0

[✓] Chrome - develop for the web
    • Chrome at /Applications/Google Chrome.app/Contents/MacOS/Google Chrome

[✓] Android Studio (version 4.1)
    • Android Studio at /Applications/Android Studio.app/Contents
    • Flutter plugin can be installed from:
      🔨 https://plugins.jetbrains.com/plugin/9212-flutter
    • Dart plugin can be installed from:
      🔨 https://plugins.jetbrains.com/plugin/6351-dart
    • Java version OpenJDK Runtime Environment (build 1.8.0_242-release-1644-b3-6222593)

[✓] IntelliJ IDEA Community Edition (version 2020.2)
    • IntelliJ at /Applications/IntelliJ IDEA CE.app
    • Flutter plugin can be installed from:
      🔨 https://plugins.jetbrains.com/plugin/9212-flutter
    • Dart plugin can be installed from:
      🔨 https://plugins.jetbrains.com/plugin/6351-dart

[✓] VS Code (version 1.48.1)
    • VS Code at /Applications/Visual Studio Code.app/Contents
    • Flutter extension can be installed from:
      🔨 https://marketplace.visualstudio.com/items?itemName=Dart-Code.flutter

[✓] Connected device (2 available)
    • Android SDK built for x86 (mobile) • emulator-5554 • android-x86    • Android Q (API 28) (emulator)
    • Chrome (web)                       • chrome        • web-javascript • Google Chrome 91.0.4472.77

• No issues found!
```
